<?xml version="1.0" encoding="UTF-8"?>
<robot generator="Robot 7.0.1 (Python 3.10.4 on win32)" generated="2024-08-17T05:46:18.288533" rpa="false" schemaversion="5">
<suite id="s1" name="TestSuite" source="C:\Users\Lenovo\PycharmProjects\APIAutomation\TestCases\TestSuite.robot">
<test id="s1-t1" name="get single valid user" line="16">
<kw name="Create Session" owner="RequestsLibrary">
<msg time="2024-08-17T05:46:18.600631" level="INFO">Creating Session using : alias=mysession, url=https://reqres.in/api, headers={},                     cookies={}, auth=None, timeout=None, proxies=None, verify=False,                     debug=0 </msg>
<arg>mysession</arg>
<arg>${base_url}</arg>
<doc>Create Session: create a HTTP session to a server</doc>
<status status="PASS" start="2024-08-17T05:46:18.600106" elapsed="0.000525"/>
</kw>
<kw name="GET On Session" owner="RequestsLibrary">
<msg time="2024-08-17T05:46:19.275696" level="INFO">GET Request : url=https://reqres.in/api/users/4 
 path_url=/api/users/4 
 headers={'User-Agent': 'python-requests/2.32.3', 'Accept-Encoding': 'gzip, deflate', 'Accept': '*/*', 'Connection': 'keep-alive'} 
 body=None 
 </msg>
<msg time="2024-08-17T05:46:19.275696" level="INFO">GET Response : url=https://reqres.in/api/users/4 
 status=200, reason=OK 
 headers={'Date': 'Fri, 16 Aug 2024 22:46:19 GMT', 'Content-Type': 'application/json; charset=utf-8', 'Transfer-Encoding': 'chunked', 'Connection': 'keep-alive', 'Report-To': '{"group":"heroku-nel","max_age":3600,"endpoints":[{"url":"https://nel.heroku.com/reports?ts=1723799490&amp;sid=c4c9725f-1ab0-44d8-820f-430df2718e11&amp;s=YPKDTX97h4AuzDNi89zXzPB2jAncZR56mp5gLACuUf0%3D"}]}', 'Reporting-Endpoints': 'heroku-nel=https://nel.heroku.com/reports?ts=1723799490&amp;sid=c4c9725f-1ab0-44d8-820f-430df2718e11&amp;s=YPKDTX97h4AuzDNi89zXzPB2jAncZR56mp5gLACuUf0%3D', 'Nel': '{"report_to":"heroku-nel","max_age":3600,"success_fraction":0.005,"failure_fraction":0.05,"response_headers":["Via"]}', 'X-Powered-By': 'Express', 'Access-Control-Allow-Origin': '*', 'Etag': 'W/"110-Xdg3LtI+q2zMxihHlfeIZQo/bvY"', 'Via': '1.1 vegur', 'Cache-Control': 'max-age=14400', 'CF-Cache-Status': 'REVALIDATED', 'Vary': 'Accept-Encoding', 'Server': 'cloudflare', 'CF-RAY': '8b44f5ae3d793db7-SIN', 'Content-Encoding': 'gzip'} 
 body={"data":{"id":4,"email":"eve.holt@reqres.in","first_name":"Eve","last_name":"Holt","avatar":"https://reqres.in/img/faces/4-image.jpg"},"support":{"url":"https://reqres.in/#support-heading","text":"To keep ReqRes free, contributions towards server costs are appreciated!"}} 
 </msg>
<msg time="2024-08-17T05:46:19.275696" level="INFO">C:\Users\Lenovo\PycharmProjects\APIAutomation\.venv\lib\site-packages\urllib3\connectionpool.py:1099: InsecureRequestWarning: Unverified HTTPS request is being made to host 'reqres.in'. Adding certificate verification is strongly advised. See: https://urllib3.readthedocs.io/en/latest/advanced-usage.html#tls-warnings
  warnings.warn(</msg>
<msg time="2024-08-17T05:46:19.276690" level="INFO">${response} = &lt;Response [200]&gt;</msg>
<var>${response}</var>
<arg>mysession</arg>
<arg>/users/4</arg>
<doc>Sends a GET request on a previously created HTTP Session.</doc>
<status status="PASS" start="2024-08-17T05:46:18.600631" elapsed="0.676059"/>
</kw>
<kw name="Should Be Equal As Numbers" owner="BuiltIn">
<msg time="2024-08-17T05:46:19.278878" level="INFO">Argument types are:
&lt;class 'int'&gt;
&lt;class 'str'&gt;</msg>
<arg>${response.status_code}</arg>
<arg>200</arg>
<doc>Fails if objects are unequal after converting them to real numbers.</doc>
<status status="PASS" start="2024-08-17T05:46:19.277869" elapsed="0.001009"/>
</kw>
<kw name="Convert To Dictionary" owner="Collections">
<msg time="2024-08-17T05:46:19.280288" level="INFO">${response_json} = {'data': {'id': 4, 'email': 'eve.holt@reqres.in', 'first_name': 'Eve', 'last_name': 'Holt', 'avatar': 'https://reqres.in/img/faces/4-image.jpg'}, 'support': {'url': 'https://reqres.in/#support-heading...</msg>
<var>${response_json}</var>
<arg>${response.json()}</arg>
<doc>Converts the given ``item`` to a Python ``dict`` type.</doc>
<status status="PASS" start="2024-08-17T05:46:19.278878" elapsed="0.001410"/>
</kw>
<kw name="Get From Dictionary" owner="Collections">
<msg time="2024-08-17T05:46:19.281292" level="INFO">${email} = eve.holt@reqres.in</msg>
<var>${email}</var>
<arg>${response_json['data']}</arg>
<arg>email</arg>
<doc>Returns a value from the given ``dictionary`` based on the given ``key``.</doc>
<status status="PASS" start="2024-08-17T05:46:19.281292" elapsed="0.000000"/>
</kw>
<kw name="Log" owner="BuiltIn">
<msg time="2024-08-17T05:46:19.282799" level="INFO">eve.holt@reqres.in</msg>
<arg>${email}</arg>
<doc>Logs the given message with the given level.</doc>
<status status="PASS" start="2024-08-17T05:46:19.282799" elapsed="0.000000"/>
</kw>
<kw name="Should Be Equal" owner="BuiltIn">
<arg>${email}</arg>
<arg>eve.holt@reqres.in</arg>
<doc>Fails if the given objects are unequal.</doc>
<status status="PASS" start="2024-08-17T05:46:19.282799" elapsed="0.001220"/>
</kw>
<status status="PASS" start="2024-08-17T05:46:18.598105" elapsed="0.685914"/>
</test>
<test id="s1-t2" name="get single invalid User" line="30">
<kw name="Create Session" owner="RequestsLibrary">
<msg time="2024-08-17T05:46:19.286846" level="INFO">Creating Session using : alias=mysession, url=https://reqres.in/api, headers={},                     cookies={}, auth=None, timeout=None, proxies=None, verify=False,                     debug=0 </msg>
<arg>mysession</arg>
<arg>${base_url}</arg>
<doc>Create Session: create a HTTP session to a server</doc>
<status status="PASS" start="2024-08-17T05:46:19.286846" elapsed="0.000000"/>
</kw>
<kw name="GET" owner="RequestsLibrary">
<msg time="2024-08-17T05:46:19.788887" level="INFO">GET Request : url=https://reqres.in/api/users/100 
 path_url=/api/users/100 
 headers={'User-Agent': 'python-requests/2.32.3', 'Accept-Encoding': 'gzip, deflate', 'Accept': '*/*', 'Connection': 'keep-alive'} 
 body=None 
 </msg>
<msg time="2024-08-17T05:46:19.788887" level="INFO">GET Response : url=https://reqres.in/api/users/100 
 status=404, reason=Not Found 
 headers={'Date': 'Fri, 16 Aug 2024 22:46:19 GMT', 'Content-Type': 'application/json; charset=utf-8', 'Content-Length': '2', 'Connection': 'keep-alive', 'Report-To': '{"group":"heroku-nel","max_age":3600,"endpoints":[{"url":"https://nel.heroku.com/reports?ts=1723848379&amp;sid=c4c9725f-1ab0-44d8-820f-430df2718e11&amp;s=zljs9G8AFoZDIWzl4gyvmLywJ4ryvZ%2BleunEJJJ9zCY%3D"}]}', 'Reporting-Endpoints': 'heroku-nel=https://nel.heroku.com/reports?ts=1723848379&amp;sid=c4c9725f-1ab0-44d8-820f-430df2718e11&amp;s=zljs9G8AFoZDIWzl4gyvmLywJ4ryvZ%2BleunEJJJ9zCY%3D', 'Nel': '{"report_to":"heroku-nel","max_age":3600,"success_fraction":0.005,"failure_fraction":0.05,"response_headers":["Via"]}', 'X-Powered-By': 'Express', 'Access-Control-Allow-Origin': '*', 'Etag': 'W/"2-vyGp6PvFo4RvsFtPoIWeCReyIC8"', 'Via': '1.1 vegur', 'Cache-Control': 'max-age=14400', 'CF-Cache-Status': 'EXPIRED', 'Vary': 'Accept-Encoding', 'Server': 'cloudflare', 'CF-RAY': '8b44f5b20dd03ff3-SIN'} 
 body={} 
 </msg>
<msg time="2024-08-17T05:46:19.788887" level="INFO">${response} = &lt;Response [404]&gt;</msg>
<var>${response}</var>
<arg>${base_url}/users/100</arg>
<arg>expected_status=404</arg>
<doc>Sends a GET request.</doc>
<status status="PASS" start="2024-08-17T05:46:19.287855" elapsed="0.501032"/>
</kw>
<status status="PASS" start="2024-08-17T05:46:19.285024" elapsed="0.504868"/>
</test>
<test id="s1-t3" name="create user" line="37">
<kw name="Create Session" owner="RequestsLibrary">
<msg time="2024-08-17T05:46:19.791724" level="INFO">Creating Session using : alias=mysession, url=https://reqres.in/api, headers={},                     cookies={}, auth=None, timeout=None, proxies=None, verify=False,                     debug=0 </msg>
<arg>mysession</arg>
<arg>${base_url}</arg>
<doc>Create Session: create a HTTP session to a server</doc>
<status status="PASS" start="2024-08-17T05:46:19.791724" elapsed="0.000000"/>
</kw>
<kw name="Create Dictionary" owner="BuiltIn">
<msg time="2024-08-17T05:46:19.792889" level="INFO">${headers} = {'Content-Type': 'application/json'}</msg>
<var>${headers}</var>
<arg>Content-Type=application/json</arg>
<doc>Creates and returns a dictionary based on the given ``items``.</doc>
<status status="PASS" start="2024-08-17T05:46:19.792889" elapsed="0.000000"/>
</kw>
<kw name="Create Dictionary" owner="BuiltIn">
<msg time="2024-08-17T05:46:19.792889" level="INFO">${body} = {'name': 'morpheus', 'job': 'leader'}</msg>
<var>${body}</var>
<arg>name=morpheus</arg>
<arg>job=leader</arg>
<doc>Creates and returns a dictionary based on the given ``items``.</doc>
<status status="PASS" start="2024-08-17T05:46:19.792889" elapsed="0.000000"/>
</kw>
<kw name="Post Request" owner="RequestsLibrary">
<msg time="2024-08-17T05:46:19.794395" level="WARN">Keyword 'RequestsLibrary.Post Request' is deprecated. Please use `POST On Session` instead.</msg>
<msg time="2024-08-17T05:46:20.397353" level="INFO">POST Request : url=https://reqres.in/api/users 
 path_url=/api/users 
 headers={'User-Agent': 'python-requests/2.32.3', 'Accept-Encoding': 'gzip, deflate', 'Accept': '*/*', 'Connection': 'keep-alive', 'Content-Type': 'application/json', 'Content-Length': '37'} 
 body=b'{"name": "morpheus", "job": "leader"}' 
 </msg>
<msg time="2024-08-17T05:46:20.397353" level="INFO">POST Response : url=https://reqres.in/api/users 
 status=201, reason=Created 
 headers={'Date': 'Fri, 16 Aug 2024 22:46:20 GMT', 'Content-Type': 'application/json; charset=utf-8', 'Content-Length': '84', 'Connection': 'keep-alive', 'Report-To': '{"group":"heroku-nel","max_age":3600,"endpoints":[{"url":"https://nel.heroku.com/reports?ts=1723848380&amp;sid=c4c9725f-1ab0-44d8-820f-430df2718e11&amp;s=y607qeZePI0Bzh6MObBKV5EjqSqGvJFazYDUSx2JHbI%3D"}]}', 'Reporting-Endpoints': 'heroku-nel=https://nel.heroku.com/reports?ts=1723848380&amp;sid=c4c9725f-1ab0-44d8-820f-430df2718e11&amp;s=y607qeZePI0Bzh6MObBKV5EjqSqGvJFazYDUSx2JHbI%3D', 'Nel': '{"report_to":"heroku-nel","max_age":3600,"success_fraction":0.005,"failure_fraction":0.05,"response_headers":["Via"]}', 'X-Powered-By': 'Express', 'Access-Control-Allow-Origin': '*', 'Etag': 'W/"54-fL3vGZWGCqMkDqnz7wD8pSkndlw"', 'Via': '1.1 vegur', 'CF-Cache-Status': 'DYNAMIC', 'Server': 'cloudflare', 'CF-RAY': '8b44f5b55e556016-SIN'} 
 body={"name":"morpheus","job":"leader","id":"798","createdAt":"2024-08-16T22:46:20.064Z"} 
 </msg>
<msg time="2024-08-17T05:46:20.397353" level="INFO">C:\Users\Lenovo\PycharmProjects\APIAutomation\.venv\lib\site-packages\urllib3\connectionpool.py:1099: InsecureRequestWarning: Unverified HTTPS request is being made to host 'reqres.in'. Adding certificate verification is strongly advised. See: https://urllib3.readthedocs.io/en/latest/advanced-usage.html#tls-warnings
  warnings.warn(</msg>
<msg time="2024-08-17T05:46:20.398610" level="INFO">${response} = &lt;Response [201]&gt;</msg>
<var>${response}</var>
<arg>mysession</arg>
<arg>${ENDPOINT}</arg>
<arg>json=${body}</arg>
<arg>headers=${headers}</arg>
<doc>*DEPRECATED* Please use `POST On Session` instead.</doc>
<status status="PASS" start="2024-08-17T05:46:19.794395" elapsed="0.604215"/>
</kw>
<kw name="Convert To String" owner="BuiltIn">
<msg time="2024-08-17T05:46:20.400580" level="INFO">${code} = 201</msg>
<var>${code}</var>
<arg>${response.status_code}</arg>
<doc>Converts the given item to a Unicode string.</doc>
<status status="PASS" start="2024-08-17T05:46:20.398610" elapsed="0.001970"/>
</kw>
<kw name="Should Be Equal" owner="BuiltIn">
<arg>${code}</arg>
<arg>201</arg>
<doc>Fails if the given objects are unequal.</doc>
<status status="PASS" start="2024-08-17T05:46:20.400580" elapsed="0.000000"/>
</kw>
<kw name="Convert To String" owner="BuiltIn">
<msg time="2024-08-17T05:46:20.402034" level="INFO">${body} = {"name":"morpheus","job":"leader","id":"798","createdAt":"2024-08-16T22:46:20.064Z"}</msg>
<var>${body}</var>
<arg>${response.content}</arg>
<doc>Converts the given item to a Unicode string.</doc>
<status status="PASS" start="2024-08-17T05:46:20.400580" elapsed="0.001977"/>
</kw>
<kw name="Should Contain" owner="BuiltIn">
<arg>${body}</arg>
<arg>morpheus</arg>
<doc>Fails if ``container`` does not contain ``item`` one or more times.</doc>
<status status="PASS" start="2024-08-17T05:46:20.402557" elapsed="0.000000"/>
</kw>
<status status="PASS" start="2024-08-17T05:46:19.790396" elapsed="0.612161"/>
</test>
<status status="PASS" start="2024-08-17T05:46:18.291652" elapsed="2.112510"/>
</suite>
<statistics>
<total>
<stat pass="3" fail="0" skip="0">All Tests</stat>
</total>
<tag>
</tag>
<suite>
<stat pass="3" fail="0" skip="0" id="s1" name="TestSuite">TestSuite</stat>
</suite>
</statistics>
<errors>
<msg time="2024-08-17T05:46:19.794395" level="WARN">Keyword 'RequestsLibrary.Post Request' is deprecated. Please use `POST On Session` instead.</msg>
</errors>
</robot>
