<?xml version="1.0" encoding="UTF-8"?>
<robot generator="Robot 7.0.1 (Python 3.9.6 on darwin)" generated="2024-08-17T06:09:37.154952" rpa="false" schemaversion="5">
<suite id="s1" name="TestSuite" source="/Users/andri.gunawan/PycharmProjects/Lionnn/TestCase/TestSuite.robot">
<test id="s1-t1" name="Start" line="23">
<kw name="Open Application" owner="AppiumLibrary">
<arg>${remoteurl}</arg>
<arg>platformName=${platformName}</arg>
<arg>platformVersion=${platform_version}</arg>
<arg>deviceName=${deviceName}</arg>
<arg>appPackage=${appPackage}</arg>
<arg>automationName=${automationName}</arg>
<arg>noReset=false</arg>
<arg>doesNoReset=true</arg>
<arg>appActivity=${appActivity}</arg>
<doc>Opens a new application to given Appium server.
Capabilities of appium server, Android and iOS,
Please check https://appium.io/docs/en/2.1/cli/args/
| *Option*            | *Man.* | *Description*     |
| remote_url          | Yes    | Appium server url |
| alias               | no     | alias             |
| strict_ssl          | No     | allows you to send commands to an invalid certificate host like a self-signed one. |</doc>
<status status="PASS" start="2024-08-17T06:09:37.256041" elapsed="5.534062"/>
</kw>
<kw name="Wait Until Element Is Visible" owner="AppiumLibrary">
<msg time="2024-08-17T06:09:44.097976" level="INFO">xpath criteria: //android.widget.Button[@resource-id="com.android.permissioncontroller:id/permission_allow_button"]</msg>
<arg>${appNotificationPermissionCTA}</arg>
<doc>Waits until element specified with `locator` is visible.</doc>
<status status="PASS" start="2024-08-17T06:09:42.790495" elapsed="1.307642"/>
</kw>
<kw name="Click Element" owner="AppiumLibrary">
<msg time="2024-08-17T06:09:44.105946" level="INFO">Clicking element '//android.widget.Button[@resource-id="com.android.permissioncontroller:id/permission_allow_button"]'.</msg>
<msg time="2024-08-17T06:09:44.258617" level="INFO">xpath criteria: //android.widget.Button[@resource-id="com.android.permissioncontroller:id/permission_allow_button"]</msg>
<arg>${appNotificationPermissionCTA}</arg>
<doc>Click element identified by `locator`.</doc>
<status status="PASS" start="2024-08-17T06:09:44.098594" elapsed="0.160169"/>
</kw>
<kw name="Wait Until Element Is Visible" owner="AppiumLibrary">
<msg time="2024-08-17T06:09:46.565175" level="INFO">xpath criteria: //android.widget.TextView[@resource-id="com.lionparcel.services.consumer:id/btnAgree"]</msg>
<arg>${PrivacyPolicyCTA}</arg>
<arg>10</arg>
<doc>Waits until element specified with `locator` is visible.</doc>
<status status="PASS" start="2024-08-17T06:09:44.259217" elapsed="2.306109"/>
</kw>
<kw name="Run Keyword And Return Status" owner="BuiltIn">
<kw name="Page Should Contain Text" owner="AppiumLibrary">
<msg time="2024-08-17T06:09:46.618687" level="INFO">Current page contains text 'Setuju'.</msg>
<arg>Setuju</arg>
<doc>Verifies that current page contains `text`.</doc>
<status status="PASS" start="2024-08-17T06:09:46.566167" elapsed="0.052591"/>
</kw>
<msg time="2024-08-17T06:09:46.618837" level="INFO">${text_present} = True</msg>
<var>${text_present}</var>
<arg>Page Should Contain Text</arg>
<arg>Setuju</arg>
<doc>Runs the given keyword with given arguments and returns the status as a Boolean value.</doc>
<status status="PASS" start="2024-08-17T06:09:46.565854" elapsed="0.052994"/>
</kw>
<kw name="Run Keyword If" owner="BuiltIn">
<kw name="Click Element" owner="AppiumLibrary">
<msg time="2024-08-17T06:09:46.619892" level="INFO">Clicking element '//android.widget.TextView[@resource-id="com.lionparcel.services.consumer:id/btnAgree"]'.</msg>
<msg time="2024-08-17T06:09:47.270675" level="INFO">xpath criteria: //android.widget.TextView[@resource-id="com.lionparcel.services.consumer:id/btnAgree"]</msg>
<arg>${PrivacyPolicyCTA}</arg>
<doc>Click element identified by `locator`.</doc>
<status status="PASS" start="2024-08-17T06:09:46.619154" elapsed="0.651856"/>
</kw>
<arg>${text_present}</arg>
<arg>Click Element</arg>
<arg>${PrivacyPolicyCTA}</arg>
<doc>Runs the given keyword with the given arguments, if ``condition`` is true.</doc>
<status status="PASS" start="2024-08-17T06:09:46.619000" elapsed="0.652262"/>
</kw>
<kw name="Click Element" owner="AppiumLibrary">
<msg time="2024-08-17T06:09:47.274319" level="INFO">Clicking element '//android.widget.TextView[@resource-id="com.lionparcel.services.consumer:id/txtSkip"]'.</msg>
<msg time="2024-08-17T06:09:47.448136" level="INFO">xpath criteria: //android.widget.TextView[@resource-id="com.lionparcel.services.consumer:id/txtSkip"]</msg>
<arg>${loginAsGuestCTA}</arg>
<doc>Click element identified by `locator`.</doc>
<status status="PASS" start="2024-08-17T06:09:47.271974" elapsed="0.176300"/>
</kw>
<kw name="Close Application" owner="AppiumLibrary">
<doc>Closes the current application and also close webdriver session.</doc>
<status status="PASS" start="2024-08-17T06:09:47.448643" elapsed="0.452295"/>
</kw>
<status status="PASS" start="2024-08-17T06:09:37.255565" elapsed="10.646156"/>
</test>
<status status="PASS" start="2024-08-17T06:09:37.156789" elapsed="10.747191"/>
</suite>
<statistics>
<total>
<stat pass="1" fail="0" skip="0">All Tests</stat>
</total>
<tag>
</tag>
<suite>
<stat pass="1" fail="0" skip="0" id="s1" name="TestSuite">TestSuite</stat>
</suite>
</statistics>
<errors>
</errors>
</robot>
